<?xml version="1.0" encoding="UTF-8"?>
<!-- Generated by org.testng.reporters.JUnitReportReporter -->
<testsuite hostname="DESKTOP-EJHI608" failures="0" tests="4" name="testcases.TestBrowsers" time="4.844" errors="0" timestamp="2023-12-28T23:18:50 IST" skipped="0">
  <testcase classname="testcases.TestBrowsers" name="testCase1" time="4.833"/>
  <system-out>
 <a href="C:\Users\91976\eclipse-workspace\SeleniumWithTestNG\screenshot\right.jpg" target="_blank"> <img height=200 width=200 src="C:\Users\91976\eclipse-workspace\SeleniumWithTestNG\screenshot\below.jpg"> </a>  </system-out>
  <testcase classname="testcases.TestBrowsers" name="secondTest" time="0.001"/>
  <system-out>
 <a href="C:\Users\91976\eclipse-workspace\SeleniumWithTestNG\screenshot\right.jpg" target="_blank"> <img height=200 width=200 src="C:\Users\91976\eclipse-workspace\SeleniumWithTestNG\screenshot\below.jpg"> </a>  </system-out>
  <testcase classname="testcases.TestBrowsers" name="fourthTest" time="0.007"/>
  <system-out>
 <a href="C:\Users\91976\eclipse-workspace\SeleniumWithTestNG\screenshot\right.jpg" target="_blank"> <img height=200 width=200 src="C:\Users\91976\eclipse-workspace\SeleniumWithTestNG\screenshot\below.jpg"> </a>  </system-out>
  <testcase classname="testcases.TestBrowsers" name="thirdTest" time="0.003"/>
  <system-out>
 <a href="C:\Users\91976\eclipse-workspace\SeleniumWithTestNG\screenshot\right.jpg" target="_blank"> <img height=200 width=200 src="C:\Users\91976\eclipse-workspace\SeleniumWithTestNG\screenshot\below.jpg"> </a>  </system-out>
</testsuite> <!-- testcases.TestBrowsers -->
